EMEBSDmaster: Executable Path:C:/code/cygwin/home/15743/EMsoft-5.0.0-Win64/bin\EMEBSDmaster.exe
EMEBSDmaster: Start Time: 2024:06:01 20:16:38.054
EMEBSDmaster: Insert EMSOFTPATHNAME=C:/code/cygwin/home/15743/EMsoft-5.0.0-Win64/bin
EMEBSDmaster: Output from EMEBSDmaster follows next....
===========================================================



 Copyright (C) 2001-2019 Marc De Graef Research Group/CMU
 EMsoft comes with ABSOLUTELY NO WARRANTY.
 This is free software, and you are welcome to redistribute it
 under certain conditions; see License.txt file for details.


 Program name         : EMEBSDmaster.f90
 Purpose              : EBSD Energy-dependent Master Pattern Simulation
 Platform             : Windows
 Source code version  : 5_0_0_0
 Source code Revision : 
 Build Date/Time      : 2019-10-14 17:39:04Z

 See https://github.com/EMsoft-org/EMsoft/wiki for selected help pages.

 Jun  1 2024   8:16:38.201 PM


Number of command line arguments detected:           1
 -> completed reading Monte Carlo data from C:\code\cygwin\home\15743\aavdp\examples\Si_dkd\ref\Si-mc.h5

 --> total number of BSE electrons in MC data set        2000
ReadDataHDF: There is no Source data set in this structure file


-->Crystal Structure Information<--
  a [nm]             :  0.54437
  b [nm]             :  0.54437
  c [nm]             :  0.54437
  alpha [deg]        : 90.00000
  beta  [deg]        : 90.00000
  gamma [deg]        : 90.00000
  Volume [nm^3]      :  0.16131790
  Space group #      : 227
  Space group symbol : F d 3 m
  Generator String   :07aODDaDODbODDcDDOdOOOeFBFhBBB1ZZZ
   Structure is centrosymmetric
  # generators       :   8
  # symmetry matrices: 192
  # point sym. matr. :  48


  Number of asymmetric atom positions           1
  General position / atomic number / multiplicity :   1/14/  8 (Si)
   Equivalent positions  (x y z  occ  DWF)
         >    0.00000,  0.00000,  0.00000,  1.00000,  0.00480
         >    0.00000,  0.50000,  0.50000,  1.00000,  0.00480
         >    0.50000,  0.00000,  0.50000,  1.00000,  0.00480
         >    0.50000,  0.50000,  0.00000,  1.00000,  0.00480
         >    0.75000,  0.25000,  0.75000,  1.00000,  0.00480
         >    0.25000,  0.25000,  0.25000,  1.00000,  0.00480
         >    0.25000,  0.75000,  0.75000,  1.00000,  0.00480
         >    0.75000,  0.75000,  0.25000,  1.00000,  0.00480


 Mean inner potential [V] 0.1409E+02
 Wavelength corrected for refraction
 Relativistic correction factor [gamma] 0.1022E+01
 Relativistic Accelerating Potential [V] 0.1113E+05
 Electron Wavelength [nm] 0.1162E-01
 Interaction constant [V nm]^(-1) 0.2480E-01
 Range of reflections along a*, b* and c* =           6           6           6
 Normal absorption length [nm] =   96.82848    

 Generating Fourier coefficient lookup table ...Done

 Range of reflections along a*, b* and c* =           6           6           6

Generating Sgh coefficient lookup table ...Done


  WARNING: USER=
  WARNING: file \.config\EMsoft\EMsoftConfig.json not found 
  -----> Trying environment variables next ... 

EMdatapathname was not defined in the json file

  WARNING: EMDATAPATHNAME environment variable was NOT defined as a backup.
     ----> using absolute path convention



 Starting computation for energy bin (in reverse order)   2 of    2; energy [keV] = 11.00

# independent beam directions to be considered =    5254
 Attempting to set number of threads to  16

  completed beam direction    5000 of     5254
 -> Average number of strong reflections =   22
 -> Average number of weak reflections   =   20
Execution time [s]:           7
Intermediate data stored in file C:\code\cygwin\home\15743\aavdp\examples\Si_dkd\ref\Si-mc.h5


 Starting computation for energy bin (in reverse order)   1 of    2; energy [keV] = 10.00

 Mean inner potential [V] 0.1406E+02
 Wavelength corrected for refraction
 Relativistic correction factor [gamma] 0.1020E+01
 Relativistic Accelerating Potential [V] 0.1011E+05
 Electron Wavelength [nm] 0.1220E-01
 Interaction constant [V nm]^(-1) 0.2597E-01
 Range of reflections along a*, b* and c* =           6           6           6
 Normal absorption length [nm] =   89.35156    

 Generating Fourier coefficient lookup table ...Done

# independent beam directions to be considered =    5254
 Attempting to set number of threads to  16

  completed beam direction    5000 of     5254
 -> Average number of strong reflections =   23
 -> Average number of weak reflections   =   21
Execution time [s]:          15
Final data stored in file C:\code\cygwin\home\15743\aavdp\examples\Si_dkd\ref\Si-mc.h5

Total execution time [s]          15

EMEBSDmaster Completed
===========================================================
EMEBSDmaster: Finished: 2024:06:01 20:16:54.049
EMEBSDmaster: Output File Location: C:\code\cygwin\home\15743\aavdp\examples\Si_dkd\ref\Si-mc.h5
